<?xml version="1.0" encoding="UTF-8"?>
<!-- Generated by org.testng.reporters.JUnitReportReporter -->
<testsuite hostname="DHANYAAN-LR0D2FBW" failures="0" tests="1" name="com.appiumlearning.testcases.ExpandCollapseTest" time="285.634" errors="0" timestamp="2022-10-27T18:15:46 IST" skipped="0">
  <testcase classname="com.appiumlearning.testcases.ExpandCollapseTest" name="expandCollapseTest" time="285.634"/>
  <system-out/>
</testsuite> <!-- com.appiumlearning.testcases.ExpandCollapseTest -->
